==25821== Memcheck, a memory error detector
==25821== Copyright (C) 2002-2013, and GNU GPL'd, by Julian Seward et al.
==25821== Using Valgrind-3.10.0 and LibVEX; rerun with -h for copyright info
==25821== Command: ./src/sisp
==25821== Parent PID: 25733
==25821== 
--25821-- 
--25821-- Valgrind options:
--25821--    --tool=memcheck
--25821--    --log-file=log.out
--25821--    -v
--25821-- Contents of /proc/version:
--25821--   Linux version 3.10.0-327.4.5.el7.x86_64 (builder@kbuilder.dev.centos.org) (gcc version 4.8.3 20140911 (Red Hat 4.8.3-9) (GCC) ) #1 SMP Mon Jan 25 22:07:14 UTC 2016
--25821-- Arch and hwcaps: AMD64, LittleEndian, amd64-cx16-rdtscp-sse3-avx
--25821-- Page sizes: currently 4096, max supported 4096
--25821-- Valgrind library directory: /usr/lib64/valgrind
--25821-- Reading syms from /home/ETALE/hector/sisp/src/sisp
--25821-- Reading syms from /usr/lib64/ld-2.17.so
--25821-- Reading syms from /usr/lib64/valgrind/memcheck-amd64-linux
--25821--    object doesn't have a symbol table
--25821--    object doesn't have a dynamic symbol table
--25821-- Scheduler: using generic scheduler lock implementation.
--25821-- Reading suppressions file: /usr/lib64/valgrind/default.supp
==25821== embedded gdbserver: reading from /tmp/vgdb-pipe-from-vgdb-to-25821-by-ETALE\hector-on-rhel7vps.etale.com.ar
==25821== embedded gdbserver: writing to   /tmp/vgdb-pipe-to-vgdb-from-25821-by-ETALE\hector-on-rhel7vps.etale.com.ar
==25821== embedded gdbserver: shared mem   /tmp/vgdb-pipe-shared-mem-vgdb-25821-by-ETALE\hector-on-rhel7vps.etale.com.ar
==25821== 
==25821== TO CONTROL THIS PROCESS USING vgdb (which you probably
==25821== don't want to do, unless you know exactly what you're doing,
==25821== or are doing some strange experiment):
==25821==   /usr/lib64/valgrind/../../bin/vgdb --pid=25821 ...command...
==25821== 
==25821== TO DEBUG THIS PROCESS USING GDB: start GDB like this
==25821==   /path/to/gdb ./src/sisp
==25821== and then give GDB the following command
==25821==   target remote | /usr/lib64/valgrind/../../bin/vgdb --pid=25821
==25821== --pid is optional if only one valgrind process is running
==25821== 
--25821-- REDIR: 0x4018b90 (ld-linux-x86-64.so.2:strlen) redirected to 0x38075e81 (???)
--25821-- Reading syms from /usr/lib64/valgrind/vgpreload_core-amd64-linux.so
--25821--    object doesn't have a symbol table
--25821-- Reading syms from /usr/lib64/valgrind/vgpreload_memcheck-amd64-linux.so
--25821--    object doesn't have a symbol table
==25821== WARNING: new redirection conflicts with existing -- ignoring it
--25821--     old: 0x04018b90 (strlen              ) R-> (0000.0) 0x38075e81 ???
--25821--     new: 0x04018b90 (strlen              ) R-> (2007.0) 0x04c2cc60 strlen
--25821-- REDIR: 0x4018a90 (ld-linux-x86-64.so.2:index) redirected to 0x4c2c810 (index)
--25821-- REDIR: 0x4018b10 (ld-linux-x86-64.so.2:strcmp) redirected to 0x4c2ddb0 (strcmp)
--25821-- REDIR: 0x4019c40 (ld-linux-x86-64.so.2:mempcpy) redirected to 0x4c30950 (mempcpy)
--25821-- Reading syms from /usr/lib64/libm-2.17.so
--25821-- Reading syms from /usr/lib64/libc-2.17.so
--25821-- REDIR: 0x51c0ff0 (libc.so.6:strcasecmp) redirected to 0x4a24716 (_vgnU_ifunc_wrapper)
--25821-- REDIR: 0x51bd3a0 (libc.so.6:strnlen) redirected to 0x4a24716 (_vgnU_ifunc_wrapper)
--25821-- REDIR: 0x51c32c0 (libc.so.6:strncasecmp) redirected to 0x4a24716 (_vgnU_ifunc_wrapper)
--25821-- REDIR: 0x51bfe00 (libc.so.6:memset) redirected to 0x4a24716 (_vgnU_ifunc_wrapper)
--25821-- REDIR: 0x51bfdb0 (libc.so.6:memcpy@GLIBC_2.2.5) redirected to 0x4a24716 (_vgnU_ifunc_wrapper)
--25821-- REDIR: 0x51bed90 (libc.so.6:__GI_strrchr) redirected to 0x4c2c520 (__GI_strrchr)
--25821-- REDIR: 0x51b6830 (libc.so.6:malloc) redirected to 0x4c29b76 (malloc)
--25821-- REDIR: 0x51bd2c0 (libc.so.6:__GI_strlen) redirected to 0x4c2cbc0 (__GI_strlen)
--25821-- REDIR: 0x51bf820 (libc.so.6:__GI_memcmp) redirected to 0x4c2f640 (__GI_memcmp)
--25821-- REDIR: 0xffffffffff600000 (???:???) redirected to 0x38075e63 (???)
--25821-- REDIR: 0x51bd270 (libc.so.6:strlen) redirected to 0x4a24716 (_vgnU_ifunc_wrapper)
--25821-- REDIR: 0x52998e0 (libc.so.6:__strlen_sse2_pminub) redirected to 0x4c2cba0 (strlen)
--25821-- REDIR: 0x51d5240 (libc.so.6:__GI_strstr) redirected to 0x4c30be0 (__strstr_sse2)
--25821-- REDIR: 0x51bb760 (libc.so.6:index) redirected to 0x4a24716 (_vgnU_ifunc_wrapper)
--25821-- REDIR: 0x5268f40 (libc.so.6:__strchr_sse42) redirected to 0x4c2c710 (index)
--25821-- REDIR: 0x51bccb0 (libc.so.6:strcpy) redirected to 0x4a24716 (_vgnU_ifunc_wrapper)
--25821-- REDIR: 0x51cb870 (libc.so.6:__strcpy_sse2_unaligned) redirected to 0x4c2cc80 (strcpy)
--25821-- REDIR: 0x51bb820 (libc.so.6:strcmp) redirected to 0x4a24716 (_vgnU_ifunc_wrapper)
--25821-- REDIR: 0x5268ff0 (libc.so.6:__strcmp_sse42) redirected to 0x4c2dd60 (__strcmp_sse42)
--25821-- REDIR: 0x51b6c30 (libc.so.6:free) redirected to 0x4c2ac90 (free)
--25821-- REDIR: 0x51c7270 (libc.so.6:strchrnul) redirected to 0x4c30470 (strchrnul)
--25821-- REDIR: 0x51c09a0 (libc.so.6:__GI_mempcpy) redirected to 0x4c30680 (__GI_mempcpy)
==25821== 
==25821== HEAP SUMMARY:
==25821==     in use at exit: 14,970 bytes in 505 blocks
==25821==   total heap usage: 530 allocs, 25 frees, 15,177 bytes allocated
==25821== 
==25821== Searching for pointers to 505 not-freed blocks
==25821== Checked 103,200 bytes
==25821== 
==25821== LEAK SUMMARY:
==25821==    definitely lost: 0 bytes in 0 blocks
==25821==    indirectly lost: 0 bytes in 0 blocks
==25821==      possibly lost: 0 bytes in 0 blocks
==25821==    still reachable: 14,970 bytes in 505 blocks
==25821==         suppressed: 0 bytes in 0 blocks
==25821== Rerun with --leak-check=full to see details of leaked memory
==25821== 
==25821== ERROR SUMMARY: 0 errors from 0 contexts (suppressed: 1 from 1)
--25821-- 
--25821-- used_suppression:      1 glibc-2.5.x-on-SUSE-10.2-(PPC)-2a /usr/lib64/valgrind/default.supp:1296
==25821== 
==25821== ERROR SUMMARY: 0 errors from 0 contexts (suppressed: 1 from 1)
